2025-06-22 18:53:10,324 INFO {
    "alpha": 0,
    "attn_mask_ratio": 0.0,
    "blur_max_kernel": 5,
    "blur_max_sigma": 5,
    "blur_min_kernel": 3,
    "blur_min_sigma": 3,
    "cos_temp": 8,
    "data_path": "./data/german/lines/",
    "dila_ero_iter": 1,
    "dila_ero_max_kernel": 3,
    "dpi_max_factor": 1.5,
    "dpi_min_factor": 0.5,
    "elastic_distortion_max_alpha": 1,
    "elastic_distortion_max_kernel_size": 3,
    "elastic_distortion_max_magnitude": 20,
    "elastic_distortion_max_sigma": 10,
    "elastic_distortion_min_alpha": 0.5,
    "elastic_distortion_min_kernel_size": 3,
    "elastic_distortion_min_sigma": 1,
    "ema_decay": 0.9999,
    "eval_iter": 1000,
    "exp_name": "english",
    "img_size": [
        512,
        64
    ],
    "jitter_brightness": 0.4,
    "jitter_contrast": 0.4,
    "jitter_hue": 0.2,
    "jitter_saturation": 0.4,
    "mask_ratio": 0.3,
    "max_lr": 0.001,
    "max_span_length": 4,
    "nb_cls": 96,
    "num_workers": 0,
    "out_dir": "./saved_models",
    "patch_size": [
        4,
        32
    ],
    "perspective_high": 0.4,
    "perspective_low": 0.0,
    "print_iter": 100,
    "proba": 0.5,
    "proj": 8,
    "save_dir": "./saved_models\\english",
    "seed": 123,
    "sharpen_max_alpha": 1,
    "sharpen_max_strength": 1,
    "sharpen_min_alpha": 0,
    "sharpen_min_strength": 0,
    "spacing": 0,
    "subcommand": "IAMTEST",
    "test_data_list": "./data/german/test.ln",
    "total_iter": 100000,
    "train_bs": 8,
    "train_data_list": "./data/iam/train.ln",
    "use_wandb": false,
    "val_bs": 1,
    "warm_up_iter": 1000,
    "weight_decay": 0.5,
    "zoom_max_h": 1,
    "zoom_max_w": 1,
    "zoom_min_h": 0.8,
    "zoom_min_w": 0.99
}
2025-06-22 18:53:10,738 INFO loading HWR checkpoint from ./saved_models\english/best_CER.pth
2025-06-22 18:59:44,546 INFO {
    "alpha": 0,
    "attn_mask_ratio": 0.0,
    "blur_max_kernel": 5,
    "blur_max_sigma": 5,
    "blur_min_kernel": 3,
    "blur_min_sigma": 3,
    "cos_temp": 8,
    "data_path": "./data/german/lines/",
    "dila_ero_iter": 1,
    "dila_ero_max_kernel": 3,
    "dpi_max_factor": 1.5,
    "dpi_min_factor": 0.5,
    "elastic_distortion_max_alpha": 1,
    "elastic_distortion_max_kernel_size": 3,
    "elastic_distortion_max_magnitude": 20,
    "elastic_distortion_max_sigma": 10,
    "elastic_distortion_min_alpha": 0.5,
    "elastic_distortion_min_kernel_size": 3,
    "elastic_distortion_min_sigma": 1,
    "ema_decay": 0.9999,
    "eval_iter": 1000,
    "exp_name": "english",
    "img_size": [
        512,
        64
    ],
    "jitter_brightness": 0.4,
    "jitter_contrast": 0.4,
    "jitter_hue": 0.2,
    "jitter_saturation": 0.4,
    "mask_ratio": 0.3,
    "max_lr": 0.001,
    "max_span_length": 4,
    "nb_cls": 80,
    "num_workers": 0,
    "out_dir": "./saved_models",
    "patch_size": [
        4,
        32
    ],
    "perspective_high": 0.4,
    "perspective_low": 0.0,
    "print_iter": 100,
    "proba": 0.5,
    "proj": 8,
    "save_dir": "./saved_models\\english",
    "seed": 123,
    "sharpen_max_alpha": 1,
    "sharpen_max_strength": 1,
    "sharpen_min_alpha": 0,
    "sharpen_min_strength": 0,
    "spacing": 0,
    "subcommand": "IAMTEST",
    "test_data_list": "./data/german/test.ln",
    "total_iter": 100000,
    "train_bs": 8,
    "train_data_list": "./data/iam/train.ln",
    "use_wandb": false,
    "val_bs": 1,
    "warm_up_iter": 1000,
    "weight_decay": 0.5,
    "zoom_max_h": 1,
    "zoom_max_w": 1,
    "zoom_min_h": 0.8,
    "zoom_min_w": 0.99
}
2025-06-22 18:59:44,944 INFO loading HWR checkpoint from ./saved_models\english/best_CER.pth
2025-06-22 18:59:45,398 INFO Loading test loader...
2025-06-22 20:05:43,536 INFO {
    "alpha": 0,
    "attn_mask_ratio": 0.0,
    "blur_max_kernel": 5,
    "blur_max_sigma": 5,
    "blur_min_kernel": 3,
    "blur_min_sigma": 3,
    "cos_temp": 8,
    "dila_ero_iter": 1,
    "dila_ero_max_kernel": 3,
    "dpi_max_factor": 1.5,
    "dpi_min_factor": 0.5,
    "elastic_distortion_max_alpha": 1,
    "elastic_distortion_max_kernel_size": 3,
    "elastic_distortion_max_magnitude": 20,
    "elastic_distortion_max_sigma": 10,
    "elastic_distortion_min_alpha": 0.5,
    "elastic_distortion_min_kernel_size": 3,
    "elastic_distortion_min_sigma": 1,
    "ema_decay": 0.9999,
    "eval_iter": 1000,
    "exp_name": "english",
    "img_size": [
        512,
        64
    ],
    "jitter_brightness": 0.4,
    "jitter_contrast": 0.4,
    "jitter_hue": 0.2,
    "jitter_saturation": 0.4,
    "mask_ratio": 0.3,
    "max_lr": 0.001,
    "max_span_length": 4,
    "nb_cls": 80,
    "num_workers": 0,
    "out_dir": "./saved_models",
    "patch_size": [
        4,
        32
    ],
    "perspective_high": 0.4,
    "perspective_low": 0.0,
    "print_iter": 100,
    "proba": 0.5,
    "proj": 8,
    "save_dir": "./saved_models\\english",
    "seed": 123,
    "sharpen_max_alpha": 1,
    "sharpen_max_strength": 1,
    "sharpen_min_alpha": 0,
    "sharpen_min_strength": 0,
    "spacing": 0,
    "subcommand": "IAMTEST",
    "test_data_list": "./data/german/test.ln",
    "test_data_path": "./data/german/lines/",
    "total_iter": 100000,
    "train_bs": 8,
    "train_data_list": "./data/iam/train.ln",
    "train_data_path": "./data/iam/lines/",
    "use_wandb": false,
    "val_bs": 1,
    "warm_up_iter": 1000,
    "weight_decay": 0.5,
    "zoom_max_h": 1,
    "zoom_max_w": 1,
    "zoom_min_h": 0.8,
    "zoom_min_w": 0.99
}
2025-06-22 20:05:43,978 INFO loading HWR checkpoint from ./saved_models\english/best_CER.pth
2025-06-22 20:05:44,415 INFO Loading test loader...
2025-06-23 16:35:33,921 INFO {
    "alpha": 0,
    "attn_mask_ratio": 0.0,
    "blur_max_kernel": 5,
    "blur_max_sigma": 5,
    "blur_min_kernel": 3,
    "blur_min_sigma": 3,
    "cos_temp": 8,
    "dila_ero_iter": 1,
    "dila_ero_max_kernel": 3,
    "dpi_max_factor": 1.5,
    "dpi_min_factor": 0.5,
    "elastic_distortion_max_alpha": 1,
    "elastic_distortion_max_kernel_size": 3,
    "elastic_distortion_max_magnitude": 20,
    "elastic_distortion_max_sigma": 10,
    "elastic_distortion_min_alpha": 0.5,
    "elastic_distortion_min_kernel_size": 3,
    "elastic_distortion_min_sigma": 1,
    "ema_decay": 0.9999,
    "eval_iter": 1000,
    "exp_name": "english",
    "img_size": [
        512,
        64
    ],
    "jitter_brightness": 0.4,
    "jitter_contrast": 0.4,
    "jitter_hue": 0.2,
    "jitter_saturation": 0.4,
    "mask_ratio": 0.3,
    "max_lr": 0.001,
    "max_span_length": 4,
    "nb_cls": 80,
    "num_workers": 0,
    "out_dir": "./saved_models",
    "patch_size": [
        4,
        32
    ],
    "perspective_high": 0.4,
    "perspective_low": 0.0,
    "print_iter": 100,
    "proba": 0.5,
    "proj": 8,
    "save_dir": "./saved_models\\english",
    "seed": 123,
    "sharpen_max_alpha": 1,
    "sharpen_max_strength": 1,
    "sharpen_min_alpha": 0,
    "sharpen_min_strength": 0,
    "spacing": 0,
    "subcommand": "IAMTEST",
    "test_data_list": "./data/german/test.ln",
    "test_data_path": "./data/german/lines/",
    "total_iter": 100000,
    "train_bs": 8,
    "train_data_list": "./data/iam/train.ln",
    "train_data_path": "./data/iam/lines/",
    "use_wandb": false,
    "val_bs": 1,
    "warm_up_iter": 1000,
    "weight_decay": 0.5,
    "zoom_max_h": 1,
    "zoom_max_w": 1,
    "zoom_min_h": 0.8,
    "zoom_min_w": 0.99
}
2025-06-23 16:35:34,333 INFO loading HWR checkpoint from ./saved_models\english/best_CER.pth
2025-06-23 16:35:34,852 INFO Loading test loader...
2025-06-23 16:36:20,238 INFO Test. loss : 84.393 	 CER : 0.4294 	 WER : 0.8685 
2025-06-23 16:36:20,247 INFO Saved predictions to predictions_vs_groundtruth.csv
2025-06-23 16:43:04,284 INFO {
    "alpha": 0,
    "attn_mask_ratio": 0.0,
    "blur_max_kernel": 5,
    "blur_max_sigma": 5,
    "blur_min_kernel": 3,
    "blur_min_sigma": 3,
    "cos_temp": 8,
    "dila_ero_iter": 1,
    "dila_ero_max_kernel": 3,
    "dpi_max_factor": 1.5,
    "dpi_min_factor": 0.5,
    "elastic_distortion_max_alpha": 1,
    "elastic_distortion_max_kernel_size": 3,
    "elastic_distortion_max_magnitude": 20,
    "elastic_distortion_max_sigma": 10,
    "elastic_distortion_min_alpha": 0.5,
    "elastic_distortion_min_kernel_size": 3,
    "elastic_distortion_min_sigma": 1,
    "ema_decay": 0.9999,
    "eval_iter": 1000,
    "exp_name": "english",
    "img_size": [
        512,
        64
    ],
    "jitter_brightness": 0.4,
    "jitter_contrast": 0.4,
    "jitter_hue": 0.2,
    "jitter_saturation": 0.4,
    "mask_ratio": 0.3,
    "max_lr": 0.001,
    "max_span_length": 4,
    "nb_cls": 80,
    "num_workers": 0,
    "out_dir": "./saved_models",
    "patch_size": [
        4,
        32
    ],
    "perspective_high": 0.4,
    "perspective_low": 0.0,
    "print_iter": 100,
    "proba": 0.5,
    "proj": 8,
    "save_dir": "./saved_models\\english",
    "seed": 123,
    "sharpen_max_alpha": 1,
    "sharpen_max_strength": 1,
    "sharpen_min_alpha": 0,
    "sharpen_min_strength": 0,
    "spacing": 0,
    "subcommand": "IAMTEST",
    "test_data_list": "./data/german/test.ln",
    "test_data_path": "./data/german/lines/",
    "total_iter": 100000,
    "train_bs": 8,
    "train_data_list": "./data/iam/train.ln",
    "train_data_path": "./data/iam/lines/",
    "use_wandb": false,
    "val_bs": 1,
    "warm_up_iter": 1000,
    "weight_decay": 0.5,
    "zoom_max_h": 1,
    "zoom_max_w": 1,
    "zoom_min_h": 0.8,
    "zoom_min_w": 0.99
}
2025-06-23 16:43:04,656 INFO loading HWR checkpoint from ./saved_models\english/best_CER.pth
2025-06-23 16:43:05,062 INFO Loading test loader...
2025-06-23 16:43:35,999 INFO Test. loss : 84.393 	 CER : 0.4294 	 WER : 0.8685 
2025-06-23 16:43:36,003 INFO Saved predictions to predictions_vs_groundtruth.csv
2025-06-23 16:57:03,700 INFO {
    "alpha": 0,
    "attn_mask_ratio": 0.0,
    "blur_max_kernel": 5,
    "blur_max_sigma": 5,
    "blur_min_kernel": 3,
    "blur_min_sigma": 3,
    "cos_temp": 8,
    "dila_ero_iter": 1,
    "dila_ero_max_kernel": 3,
    "dpi_max_factor": 1.5,
    "dpi_min_factor": 0.5,
    "elastic_distortion_max_alpha": 1,
    "elastic_distortion_max_kernel_size": 3,
    "elastic_distortion_max_magnitude": 20,
    "elastic_distortion_max_sigma": 10,
    "elastic_distortion_min_alpha": 0.5,
    "elastic_distortion_min_kernel_size": 3,
    "elastic_distortion_min_sigma": 1,
    "ema_decay": 0.9999,
    "eval_iter": 1000,
    "exp_name": "english",
    "img_size": [
        512,
        64
    ],
    "jitter_brightness": 0.4,
    "jitter_contrast": 0.4,
    "jitter_hue": 0.2,
    "jitter_saturation": 0.4,
    "mask_ratio": 0.3,
    "max_lr": 0.001,
    "max_span_length": 4,
    "nb_cls": 80,
    "num_workers": 0,
    "out_dir": "./saved_models",
    "patch_size": [
        4,
        32
    ],
    "perspective_high": 0.4,
    "perspective_low": 0.0,
    "print_iter": 100,
    "proba": 0.5,
    "proj": 8,
    "save_dir": "./saved_models\\english",
    "seed": 123,
    "sharpen_max_alpha": 1,
    "sharpen_max_strength": 1,
    "sharpen_min_alpha": 0,
    "sharpen_min_strength": 0,
    "spacing": 0,
    "subcommand": "IAMTEST",
    "test_data_list": "./data/german/test.ln",
    "test_data_path": "./data/german/lines/",
    "total_iter": 100000,
    "train_bs": 8,
    "train_data_list": "./data/iam/train.ln",
    "train_data_path": "./data/iam/lines/",
    "use_wandb": false,
    "val_bs": 1,
    "warm_up_iter": 1000,
    "weight_decay": 0.5,
    "zoom_max_h": 1,
    "zoom_max_w": 1,
    "zoom_min_h": 0.8,
    "zoom_min_w": 0.99
}
2025-06-23 16:57:04,086 INFO loading HWR checkpoint from ./saved_models\english/best_CER.pth
2025-06-23 16:57:04,500 INFO Loading test loader...
2025-06-23 16:57:35,246 INFO Test. loss : 84.393 	 CER : 0.4294 	 WER : 0.8685 
2025-06-23 16:57:35,251 INFO Saved predictions to predictions_vs_groundtruth.csv
2025-06-23 16:59:37,268 INFO {
    "alpha": 0,
    "attn_mask_ratio": 0.0,
    "blur_max_kernel": 5,
    "blur_max_sigma": 5,
    "blur_min_kernel": 3,
    "blur_min_sigma": 3,
    "cos_temp": 8,
    "dila_ero_iter": 1,
    "dila_ero_max_kernel": 3,
    "dpi_max_factor": 1.5,
    "dpi_min_factor": 0.5,
    "elastic_distortion_max_alpha": 1,
    "elastic_distortion_max_kernel_size": 3,
    "elastic_distortion_max_magnitude": 20,
    "elastic_distortion_max_sigma": 10,
    "elastic_distortion_min_alpha": 0.5,
    "elastic_distortion_min_kernel_size": 3,
    "elastic_distortion_min_sigma": 1,
    "ema_decay": 0.9999,
    "eval_iter": 1000,
    "exp_name": "english",
    "img_size": [
        512,
        64
    ],
    "jitter_brightness": 0.4,
    "jitter_contrast": 0.4,
    "jitter_hue": 0.2,
    "jitter_saturation": 0.4,
    "mask_ratio": 0.3,
    "max_lr": 0.001,
    "max_span_length": 4,
    "nb_cls": 80,
    "num_workers": 0,
    "out_dir": "./saved_models",
    "patch_size": [
        4,
        32
    ],
    "perspective_high": 0.4,
    "perspective_low": 0.0,
    "print_iter": 100,
    "proba": 0.5,
    "proj": 8,
    "save_dir": "./saved_models\\english",
    "seed": 123,
    "sharpen_max_alpha": 1,
    "sharpen_max_strength": 1,
    "sharpen_min_alpha": 0,
    "sharpen_min_strength": 0,
    "spacing": 0,
    "subcommand": "IAMTEST",
    "test_data_list": "./data/german/test.ln",
    "test_data_path": "./data/german/lines/",
    "total_iter": 100000,
    "train_bs": 8,
    "train_data_list": "./data/iam/train.ln",
    "train_data_path": "./data/iam/lines/",
    "use_wandb": false,
    "val_bs": 1,
    "warm_up_iter": 1000,
    "weight_decay": 0.5,
    "zoom_max_h": 1,
    "zoom_max_w": 1,
    "zoom_min_h": 0.8,
    "zoom_min_w": 0.99
}
2025-06-23 16:59:37,653 INFO loading HWR checkpoint from ./saved_models\english/best_CER.pth
2025-06-23 16:59:38,093 INFO Loading test loader...
2025-06-23 17:00:21,728 INFO Test. loss : 84.393 	 CER : 0.4294 	 WER : 0.8685 
2025-06-23 17:00:21,737 INFO Saved predictions to predictions_vs_groundtruth.csv
2025-06-23 17:30:15,760 INFO {
    "alpha": 0,
    "attn_mask_ratio": 0.0,
    "blur_max_kernel": 5,
    "blur_max_sigma": 5,
    "blur_min_kernel": 3,
    "blur_min_sigma": 3,
    "cos_temp": 8,
    "data_path": "./data/iam/lines/",
    "dila_ero_iter": 1,
    "dila_ero_max_kernel": 3,
    "dpi_max_factor": 1.5,
    "dpi_min_factor": 0.5,
    "elastic_distortion_max_alpha": 1,
    "elastic_distortion_max_kernel_size": 3,
    "elastic_distortion_max_magnitude": 20,
    "elastic_distortion_max_sigma": 10,
    "elastic_distortion_min_alpha": 0.5,
    "elastic_distortion_min_kernel_size": 3,
    "elastic_distortion_min_sigma": 1,
    "ema_decay": 0.9999,
    "eval_iter": 1000,
    "exp_name": "english",
    "img_size": [
        512,
        64
    ],
    "jitter_brightness": 0.4,
    "jitter_contrast": 0.4,
    "jitter_hue": 0.2,
    "jitter_saturation": 0.4,
    "mask_ratio": 0.3,
    "max_lr": 0.001,
    "max_span_length": 4,
    "nb_cls": 80,
    "num_workers": 0,
    "out_dir": "./saved_models",
    "patch_size": [
        4,
        32
    ],
    "perspective_high": 0.4,
    "perspective_low": 0.0,
    "print_iter": 100,
    "proba": 0.5,
    "proj": 8,
    "save_dir": "./saved_models\\english",
    "seed": 123,
    "sharpen_max_alpha": 1,
    "sharpen_max_strength": 1,
    "sharpen_min_alpha": 0,
    "sharpen_min_strength": 0,
    "spacing": 0,
    "subcommand": "IAM",
    "test_data_list": "./data/iam/test.ln",
    "test_data_path": "./data/iam/lines/",
    "total_iter": 100000,
    "train_bs": 8,
    "train_data_list": "./data/iam/train.ln",
    "use_wandb": false,
    "val_bs": 1,
    "val_data_list": "./data/iam/val.ln",
    "warm_up_iter": 1000,
    "weight_decay": 0.5,
    "zoom_max_h": 1,
    "zoom_max_w": 1,
    "zoom_min_h": 0.8,
    "zoom_min_w": 0.99
}
2025-06-23 17:30:16,143 INFO loading HWR checkpoint from ./saved_models\english/best_CER.pth
2025-06-23 17:30:16,568 INFO Loading test loader...
2025-06-23 17:33:21,040 INFO {
    "alpha": 0,
    "attn_mask_ratio": 0.0,
    "blur_max_kernel": 5,
    "blur_max_sigma": 5,
    "blur_min_kernel": 3,
    "blur_min_sigma": 3,
    "cos_temp": 8,
    "data_path": "./data/iam/lines/",
    "dila_ero_iter": 1,
    "dila_ero_max_kernel": 3,
    "dpi_max_factor": 1.5,
    "dpi_min_factor": 0.5,
    "elastic_distortion_max_alpha": 1,
    "elastic_distortion_max_kernel_size": 3,
    "elastic_distortion_max_magnitude": 20,
    "elastic_distortion_max_sigma": 10,
    "elastic_distortion_min_alpha": 0.5,
    "elastic_distortion_min_kernel_size": 3,
    "elastic_distortion_min_sigma": 1,
    "ema_decay": 0.9999,
    "eval_iter": 1000,
    "exp_name": "english",
    "img_size": [
        512,
        64
    ],
    "jitter_brightness": 0.4,
    "jitter_contrast": 0.4,
    "jitter_hue": 0.2,
    "jitter_saturation": 0.4,
    "mask_ratio": 0.3,
    "max_lr": 0.001,
    "max_span_length": 4,
    "nb_cls": 80,
    "num_workers": 0,
    "out_dir": "./saved_models",
    "patch_size": [
        4,
        32
    ],
    "perspective_high": 0.4,
    "perspective_low": 0.0,
    "print_iter": 100,
    "proba": 0.5,
    "proj": 8,
    "save_dir": "./saved_models\\english",
    "seed": 123,
    "sharpen_max_alpha": 1,
    "sharpen_max_strength": 1,
    "sharpen_min_alpha": 0,
    "sharpen_min_strength": 0,
    "spacing": 0,
    "subcommand": "IAM",
    "test_data_list": "./data/iam/test.ln",
    "test_data_path": "./data/iam/lines/",
    "total_iter": 100000,
    "train_bs": 8,
    "train_data_list": "./data/iam/train.ln",
    "train_data_path": "./data/iam/lines/",
    "use_wandb": false,
    "val_bs": 1,
    "val_data_list": "./data/iam/val.ln",
    "warm_up_iter": 1000,
    "weight_decay": 0.5,
    "zoom_max_h": 1,
    "zoom_max_w": 1,
    "zoom_min_h": 0.8,
    "zoom_min_w": 0.99
}
2025-06-23 17:33:21,425 INFO loading HWR checkpoint from ./saved_models\english/best_CER.pth
2025-06-23 17:33:21,830 INFO Loading test loader...
2025-06-23 17:34:22,651 INFO Test. loss : 5.811 	 CER : 0.0221 	 WER : 0.0818 
2025-06-23 17:34:22,657 INFO Saved predictions to predictions_vs_groundtruth.csv
